<?xml version="1.0" encoding="UTF-8"?>
<!-- Generated by org.testng.reporters.JUnitReportReporter -->
<testsuite skipped="0" hostname="DESKTOP-MUMETVV" name="tddframe.Testngbasics" tests="1" failures="0" timestamp="2019-12-30T16:13:41 IST" time="0.006" errors="0">
  <testcase name="googleTitleTest" time="0.006" classname="tddframe.Testngbasics"/>
</testsuite> <!-- tddframe.Testngbasics -->
