<?xml version="1.0" encoding="UTF-8"?>
<!-- Generated by org.testng.reporters.JUnitReportReporter -->
<testsuite skipped="0" hostname="DESKTOP-MUMETVV" name="tddframe.ExceptionTimeOutTest" tests="1" failures="0" timestamp="2020-01-02T23:22:12 IST" time="0.015" errors="0">
  <testcase name="test2" time="0.015" classname="tddframe.ExceptionTimeOutTest"/>
</testsuite> <!-- tddframe.ExceptionTimeOutTest -->
