<?xml version="1.0" encoding="UTF-8"?>
<!-- Generated by org.testng.reporters.JUnitReportReporter -->
<testsuite skipped="0" hostname="DESKTOP-MUMETVV" name="tddframe.InvocationCountTest" tests="10" failures="0" timestamp="2020-01-02T21:31:55 IST" time="0.045" errors="0">
  <testcase name="test1" time="0.008" classname="tddframe.InvocationCountTest"/>
  <testcase name="test1" time="0.015" classname="tddframe.InvocationCountTest"/>
  <testcase name="test1" time="0.002" classname="tddframe.InvocationCountTest"/>
  <testcase name="test1" time="0.001" classname="tddframe.InvocationCountTest"/>
  <testcase name="test1" time="0.007" classname="tddframe.InvocationCountTest"/>
  <testcase name="test1" time="0.003" classname="tddframe.InvocationCountTest"/>
  <testcase name="test1" time="0.003" classname="tddframe.InvocationCountTest"/>
  <testcase name="test1" time="0.002" classname="tddframe.InvocationCountTest"/>
  <testcase name="test1" time="0.002" classname="tddframe.InvocationCountTest"/>
  <testcase name="test1" time="0.002" classname="tddframe.InvocationCountTest"/>
</testsuite> <!-- tddframe.InvocationCountTest -->
