<?xml version="1.0" encoding="UTF-8"?>
<!-- Generated by org.testng.reporters.JUnitReportReporter -->
<testsuite skipped="0" hostname="DESKTOP-MUMETVV" name="tddframe.testng1" tests="3" failures="0" timestamp="2020-01-15T20:34:01 IST" time="69.406" errors="0">
  <testcase name="testt3" time="15.645" classname="tddframe.testng1"/>
  <testcase name="testmn2" time="27.753" classname="tddframe.testng1"/>
  <testcase name="testmn" time="26.008" classname="tddframe.testng1"/>
</testsuite> <!-- tddframe.testng1 -->
