<?xml version="1.0" encoding="UTF-8"?>
<!-- Generated by org.testng.reporters.JUnitReportReporter -->
<testsuite skipped="0" hostname="DESKTOP-MUMETVV" name="tddframe.GoogleTitleTest" tests="2" failures="0" timestamp="2020-01-02T23:22:12 IST" time="22.139" errors="0">
  <testcase name="testst" time="11.012" classname="tddframe.GoogleTitleTest"/>
  <testcase name="testmn" time="11.127" classname="tddframe.GoogleTitleTest"/>
</testsuite> <!-- tddframe.GoogleTitleTest -->
