<?xml version="1.0" encoding="UTF-8"?>
<!-- Generated by org.testng.reporters.JUnitReportReporter -->
<testsuite skipped="0" hostname="DESKTOP-MUMETVV" name="com.util.TestUtil" tests="1" failures="0" timestamp="2020-01-04T00:59:10 IST" time="0.580" errors="0">
  <testcase name="getexceldata" time="0.580" classname="com.util.TestUtil"/>
</testsuite> <!-- com.util.TestUtil -->
